[2022-01-31T17:52:31.104] [DEBUG] cheese - login => username:admin,password:123456
[2022-01-31T17:52:31.106] [DEBUG] cheese - admin
[2022-01-31T17:52:31.114] [DEBUG] cheese - null
[2022-01-31T17:52:31.114] [DEBUG] cheese - null
[2022-01-31T17:52:31.216] [DEBUG] cheese - login => username:admin,password:123456
[2022-01-31T17:52:31.216] [DEBUG] cheese - admin
[2022-01-31T17:52:31.218] [DEBUG] cheese - null
[2022-01-31T17:52:31.218] [DEBUG] cheese - null
[2022-01-31T20:21:45.152] [DEBUG] cheese - login => username:admin,password:123456
[2022-01-31T20:21:45.154] [DEBUG] cheese - admin
[2022-01-31T20:21:45.164] [DEBUG] cheese - null
[2022-01-31T20:21:45.165] [DEBUG] cheese - null
[2022-01-31T20:22:20.528] [DEBUG] cheese - login => username:zs,password:123456
[2022-01-31T20:22:20.528] [DEBUG] cheese - zs
[2022-01-31T20:22:20.530] [DEBUG] cheese - null
[2022-01-31T20:22:20.530] [DEBUG] cheese - null
[2022-01-31T20:23:06.439] [DEBUG] cheese - login => username:admin,password:123456
[2022-01-31T20:23:06.439] [DEBUG] cheese - admin
[2022-01-31T20:23:06.444] [DEBUG] cheese - null
[2022-01-31T20:23:06.444] [DEBUG] cheese - null
